<?xml version="1.0" encoding="UTF-8"?>
<!-- Generated by org.testng.reporters.JUnitXMLReporter -->
<testsuite ignored="0" hostname="Mac.lan" failures="0" tests="3" name="Submit Order Test" time="26.936" errors="0" timestamp="2024-12-13T08:06:21 CST">
  <testcase classname="rahulshettyacademy.Tests.SubmitOrderTest" name="submitOrder" time="4.332"/>
  <testcase classname="rahulshettyacademy.Tests.SubmitOrderTest" name="submitOrder" time="4.462"/>
  <testcase classname="rahulshettyacademy.Tests.SubmitOrderTest" name="orderHistoryTest" time="0.932"/>
</testsuite> <!-- Submit Order Test -->
