<?xml version="1.0" encoding="UTF-8"?>
<testsuite xmlns:xsi="http://www.w3.org/2001/XMLSchema-instance" xsi:noNamespaceSchemaLocation="https://maven.apache.org/surefire/maven-surefire-plugin/xsd/surefire-test-report.xsd" version="3.0.2" name="TestSuite" time="27.238" tests="5" errors="0" skipped="0" failures="0">
  <properties>
[...]
</properties>
  <testcase name="LoginErrorValidation" classname="rahulshettyacademy.Tests.ErrorValidationsTest" time="0.536">
    <system-err><![CDATA[SLF4J: Failed to load class "org.slf4j.impl.StaticLoggerBinder".
SLF4J: Defaulting to no-operation (NOP) logger implementation
SLF4J: See http://www.slf4j.org/codes.html#StaticLoggerBinder for further details.
]]></system-err>
  </testcase>
  <testcase name="ProductErrorValidation" classname="rahulshettyacademy.Tests.ErrorValidationsTest" time="3.416"/>
  <testcase name="submitOrder[{password=Boppevamsi@2808, email=vamsiboppe@gmail.com, productName=ZARA COAT 3}](1)" classname="rahulshettyacademy.Tests.SubmitOrderTest" time="4.317"/>
  <testcase name="submitOrder[{password=Boppevamsi@2808, email=balaboppe@gmail.com, productName=ADIDAS ORIGINAL}](2)" classname="rahulshettyacademy.Tests.SubmitOrderTest" time="4.463"/>
  <testcase name="orderHistoryTest" classname="rahulshettyacademy.Tests.SubmitOrderTest" time="0.928"/>
</testsuite>