<?xml version="1.0" encoding="UTF-8"?>
<testng-results ignored="0" total="5" passed="5" failed="0" skipped="0">
  <reporter-output>
  </reporter-output>
  <suite started-at="2024-12-13T08:05:54 CST" name="Suite" finished-at="2024-12-13T08:06:21 CST" duration-ms="26936">
    <groups>
      <group name="ErrorHandling">
        <method signature="ErrorValidationsTest.LoginErrorValidation()[pri:0, instance:rahulshettyacademy.Tests.ErrorValidationsTest@2cb4893b]" name="LoginErrorValidation" class="rahulshettyacademy.Tests.ErrorValidationsTest"/>
      </group> <!-- ErrorHandling -->
      <group name="Purchase">
        <method signature="SubmitOrderTest.submitOrder(java.util.HashMap)[pri:0, instance:rahulshettyacademy.Tests.SubmitOrderTest@6221a451]" name="submitOrder" class="rahulshettyacademy.Tests.SubmitOrderTest"/>
      </group> <!-- Purchase -->
    </groups>
    <test started-at="2024-12-13T08:05:54 CST" name="Error Validations Test" finished-at="2024-12-13T08:06:10 CST" duration-ms="15354">
      <class name="rahulshettyacademy.Tests.ErrorValidationsTest">
        <test-method is-config="true" signature="launchApplication()[pri:0, instance:rahulshettyacademy.Tests.ErrorValidationsTest@2cb4893b]" started-at="2024-12-13T08:05:54 CST" name="launchApplication" finished-at="2024-12-13T08:06:01 CST" duration-ms="6170" status="PASS">
          <reporter-output>
          </reporter-output>
        </test-method> <!-- launchApplication -->
        <test-method signature="LoginErrorValidation()[pri:0, instance:rahulshettyacademy.Tests.ErrorValidationsTest@2cb4893b]" started-at="2024-12-13T08:06:01 CST" name="LoginErrorValidation" finished-at="2024-12-13T08:06:01 CST" duration-ms="533" status="PASS">
          <reporter-output>
          </reporter-output>
        </test-method> <!-- LoginErrorValidation -->
        <test-method is-config="true" signature="tearDown()[pri:0, instance:rahulshettyacademy.Tests.ErrorValidationsTest@2cb4893b]" started-at="2024-12-13T08:06:01 CST" name="tearDown" finished-at="2024-12-13T08:06:01 CST" duration-ms="169" status="PASS">
          <reporter-output>
          </reporter-output>
        </test-method> <!-- tearDown -->
        <test-method is-config="true" signature="launchApplication()[pri:0, instance:rahulshettyacademy.Tests.ErrorValidationsTest@2cb4893b]" started-at="2024-12-13T08:06:01 CST" name="launchApplication" finished-at="2024-12-13T08:06:06 CST" duration-ms="4985" status="PASS">
          <reporter-output>
          </reporter-output>
        </test-method> <!-- launchApplication -->
        <test-method signature="ProductErrorValidation()[pri:0, instance:rahulshettyacademy.Tests.ErrorValidationsTest@2cb4893b]" started-at="2024-12-13T08:06:06 CST" name="ProductErrorValidation" finished-at="2024-12-13T08:06:10 CST" duration-ms="3416" status="PASS">
          <reporter-output>
          </reporter-output>
        </test-method> <!-- ProductErrorValidation -->
        <test-method is-config="true" signature="tearDown()[pri:0, instance:rahulshettyacademy.Tests.ErrorValidationsTest@2cb4893b]" started-at="2024-12-13T08:06:10 CST" name="tearDown" finished-at="2024-12-13T08:06:10 CST" duration-ms="63" status="PASS">
          <reporter-output>
          </reporter-output>
        </test-method> <!-- tearDown -->
      </class> <!-- rahulshettyacademy.Tests.ErrorValidationsTest -->
    </test> <!-- Error Validations Test -->
    <test started-at="2024-12-13T08:05:54 CST" name="Submit Order Test" finished-at="2024-12-13T08:06:21 CST" duration-ms="26936">
      <class name="rahulshettyacademy.Tests.SubmitOrderTest">
        <test-method is-config="true" signature="launchApplication()[pri:0, instance:rahulshettyacademy.Tests.SubmitOrderTest@6221a451]" started-at="2024-12-13T08:05:55 CST" name="launchApplication" finished-at="2024-12-13T08:06:01 CST" duration-ms="6073" status="PASS">
          <reporter-output>
          </reporter-output>
        </test-method> <!-- launchApplication -->
        <test-method signature="submitOrder(java.util.HashMap)[pri:0, instance:rahulshettyacademy.Tests.SubmitOrderTest@6221a451]" started-at="2024-12-13T08:06:01 CST" name="submitOrder" data-provider="getData" finished-at="2024-12-13T08:06:05 CST" duration-ms="4332" status="PASS">
          <params>
            <param index="0">
              <value>
                <![CDATA[{password=Boppevamsi@2808, email=vamsiboppe@gmail.com, productName=ZARA COAT 3}]]>
              </value>
            </param>
          </params>
          <reporter-output>
          </reporter-output>
        </test-method> <!-- submitOrder -->
        <test-method is-config="true" signature="tearDown()[pri:0, instance:rahulshettyacademy.Tests.SubmitOrderTest@6221a451]" started-at="2024-12-13T08:06:05 CST" name="tearDown" finished-at="2024-12-13T08:06:05 CST" duration-ms="71" status="PASS">
          <reporter-output>
          </reporter-output>
        </test-method> <!-- tearDown -->
        <test-method is-config="true" signature="launchApplication()[pri:0, instance:rahulshettyacademy.Tests.SubmitOrderTest@6221a451]" started-at="2024-12-13T08:06:05 CST" name="launchApplication" finished-at="2024-12-13T08:06:10 CST" duration-ms="5117" status="PASS">
          <reporter-output>
          </reporter-output>
        </test-method> <!-- launchApplication -->
        <test-method signature="submitOrder(java.util.HashMap)[pri:0, instance:rahulshettyacademy.Tests.SubmitOrderTest@6221a451]" started-at="2024-12-13T08:06:10 CST" name="submitOrder" data-provider="getData" finished-at="2024-12-13T08:06:15 CST" duration-ms="4462" status="PASS">
          <params>
            <param index="0">
              <value>
                <![CDATA[{password=Boppevamsi@2808, email=balaboppe@gmail.com, productName=ADIDAS ORIGINAL}]]>
              </value>
            </param>
          </params>
          <reporter-output>
          </reporter-output>
        </test-method> <!-- submitOrder -->
        <test-method is-config="true" signature="tearDown()[pri:0, instance:rahulshettyacademy.Tests.SubmitOrderTest@6221a451]" started-at="2024-12-13T08:06:15 CST" name="tearDown" finished-at="2024-12-13T08:06:15 CST" duration-ms="182" status="PASS">
          <reporter-output>
          </reporter-output>
        </test-method> <!-- tearDown -->
        <test-method is-config="true" signature="launchApplication()[pri:0, instance:rahulshettyacademy.Tests.SubmitOrderTest@6221a451]" started-at="2024-12-13T08:06:15 CST" name="launchApplication" finished-at="2024-12-13T08:06:20 CST" duration-ms="5486" status="PASS">
          <reporter-output>
          </reporter-output>
        </test-method> <!-- launchApplication -->
        <test-method signature="orderHistoryTest()[pri:0, instance:rahulshettyacademy.Tests.SubmitOrderTest@6221a451]" started-at="2024-12-13T08:06:20 CST" name="orderHistoryTest" finished-at="2024-12-13T08:06:21 CST" depends-on-methods="rahulshettyacademy.Tests.SubmitOrderTest.submitOrder" duration-ms="932" status="PASS">
          <reporter-output>
          </reporter-output>
        </test-method> <!-- orderHistoryTest -->
        <test-method is-config="true" signature="tearDown()[pri:0, instance:rahulshettyacademy.Tests.SubmitOrderTest@6221a451]" started-at="2024-12-13T08:06:21 CST" name="tearDown" finished-at="2024-12-13T08:06:21 CST" duration-ms="182" status="PASS">
          <reporter-output>
          </reporter-output>
        </test-method> <!-- tearDown -->
      </class> <!-- rahulshettyacademy.Tests.SubmitOrderTest -->
    </test> <!-- Submit Order Test -->
  </suite> <!-- Suite -->
</testng-results>
